<?xml version="1.0" encoding="UTF-8"?>
<testng-results skipped="0" failed="0" ignored="0" total="1" passed="1">
  <reporter-output>
  </reporter-output>
  <suite name="Default suite" duration-ms="34" started-at="2018-09-03T19:02:58Z" finished-at="2018-09-03T19:02:58Z">
    <groups>
    </groups>
    <test name="Default test" duration-ms="34" started-at="2018-09-03T19:02:58Z" finished-at="2018-09-03T19:02:58Z">
      <class name="finalDemo.pptProject.AppTest">
        <test-method status="PASS" signature="shouldAnswerWithTrue()[pri:0, instance:finalDemo.pptProject.AppTest@2669b199]" name="shouldAnswerWithTrue" duration-ms="12" started-at="2018-09-03T14:02:58Z" finished-at="2018-09-03T14:02:58Z">
          <reporter-output>
          </reporter-output>
        </test-method> <!-- shouldAnswerWithTrue -->
      </class> <!-- finalDemo.pptProject.AppTest -->
    </test> <!-- Default test -->
  </suite> <!-- Default suite -->
</testng-results>
